<?xml version="1.0" encoding="UTF-8"?>
<!-- Generated by org.testng.reporters.JUnitReportReporter -->
<testsuite hostname="DESKTOP-1F837G5" name="Demo1.Test1" tests="2" failures="0" timestamp="9 Jun 2021 07:13:02 GMT" time="0.004" errors="0">
  <testcase name="testcase1" time="0.001" classname="Demo1.Test1"/>
  <testcase name="testcase2" time="0.003" classname="Demo1.Test1"/>
</testsuite> <!-- Demo1.Test1 -->
