<?xml version="1.0" encoding="UTF-8"?>
<!-- Generated by org.testng.reporters.JUnitReportReporter -->
<testsuite hostname="DESKTOP-1F837G5" name="Demo1.ATest1" tests="2" failures="0" timestamp="9 Jun 2021 07:41:35 GMT" time="0.008" errors="0">
  <testcase name="testcase2" time="0.004" classname="Demo1.ATest1"/>
  <testcase name="testcase1" time="0.004" classname="Demo1.ATest1"/>
</testsuite> <!-- Demo1.ATest1 -->
