<?xml version="1.0" encoding="UTF-8"?>
<!-- Generated by org.testng.reporters.JUnitReportReporter -->
<testsuite hostname="DESKTOP-1F837G5" name="Demo.Testng" tests="1" failures="0" timestamp="9 Jun 2021 07:41:35 GMT" time="0.004" errors="0">
  <testcase name="test" time="0.004" classname="Demo.Testng"/>
</testsuite> <!-- Demo.Testng -->
