<?xml version="1.0" encoding="UTF-8"?>
<!-- Generated by org.testng.reporters.JUnitReportReporter -->
<testsuite hostname="DESKTOP-1F837G5" name="Demo1.Dataprov" tests="2" failures="0" timestamp="14 Jun 2021 06:35:36 GMT" time="0.009" errors="0">
  <testcase name="f" time="0.001" classname="Demo1.Dataprov"/>
  <testcase name="f" time="0.008" classname="Demo1.Dataprov"/>
</testsuite> <!-- Demo1.Dataprov -->
