<?xml version="1.0" encoding="UTF-8"?>
<!-- Generated by org.testng.reporters.JUnitReportReporter -->
<testsuite hostname="DESKTOP-1F837G5" name="Demo1.Test2" tests="1" failures="0" timestamp="9 Jun 2021 07:13:02 GMT" time="0.013" errors="0">
  <testcase name="f" time="0.013" classname="Demo1.Test2"/>
</testsuite> <!-- Demo1.Test2 -->
