<?xml version="1.0" encoding="UTF-8"?>
<!-- Generated by org.testng.reporters.JUnitReportReporter -->
<testsuite hostname="DESKTOP-1F837G5" name="Demo1.Demo3" tests="6" failures="0" timestamp="9 Jun 2021 07:41:35 GMT" time="0.018" errors="0">
  <testcase name="test2" time="0.003" classname="Demo1.Demo3"/>
  <testcase name="dc4" time="0.001" classname="Demo1.Demo3"/>
  <testcase name="ac3" time="0.005" classname="Demo1.Demo3"/>
  <testcase name="yc2" time="0.003" classname="Demo1.Demo3"/>
  <testcase name="tc1" time="0.004" classname="Demo1.Demo3"/>
  <testcase name="test1" time="0.002" classname="Demo1.Demo3"/>
</testsuite> <!-- Demo1.Demo3 -->
