<?xml version="1.0" encoding="UTF-8"?>
<!-- Generated by org.testng.reporters.JUnitReportReporter -->
<testsuite hostname="DESKTOP-1F837G5" name="Demo1.BTest" tests="1" failures="0" timestamp="9 Jun 2021 07:41:35 GMT" time="0.019" errors="0">
  <testcase name="f" time="0.019" classname="Demo1.BTest"/>
</testsuite> <!-- Demo1.BTest -->
